[13:40:36] [main/INFO]: Setting user: KingOfTheHobos
[13:40:38] [Client thread/INFO]: LWJGL Version: 2.9.1
[13:40:59] [Client thread/INFO]: Reloading ResourceManager: Default, FMLFileResourcePack:Forge Mod Loader, FMLFileResourcePack:Minecraft Forge, FMLFileResourcePack:Not Enough Items, FMLFileResourcePack:OpenEye, FMLFileResourcePack:Damage Indicators, FMLFileResourcePack:Another One Bites The Dust, FMLFileResourcePack:Applied Energistics 2, FMLFileResourcePack:asielib, FMLFileResourcePack:BC Builders, FMLFileResourcePack:BuildCraft, FMLFileResourcePack:BC Energy, FMLFileResourcePack:BC Factory, FMLFileResourcePack:BC Silicon, FMLFileResourcePack:BC Transport, FMLFileResourcePack:Chisel, FMLFileResourcePack:CoFH Core, FMLFileResourcePack:ComputerCraft, FMLFileResourcePack:Dynamic Lights, FMLFileResourcePack:Dynamic Lights Burning Entity Module, FMLFileResourcePack:Dynamic Lights Creeper Module, FMLFileResourcePack:Dynamic Lights EntityItem Module, FMLFileResourcePack:Dynamic Lights Entity Light Module, FMLFileResourcePack:Dynamic Lights Mob Equipment Light Module, FMLFileResourcePack:Dynamic Lights Fiery Arrows Light Module, FMLFileResourcePack:Dynamic Lights Flood Light, FMLFileResourcePack:Dynamic Lights OtherPlayers Light Module, FMLFileResourcePack:Dynamic Lights Player Light Module, FMLFileResourcePack:EnderStorage, FMLFileResourcePack:Forestry for Minecraft, FMLFileResourcePack:Hardcore Questing Mode, FMLFileResourcePack:IndustrialCraft 2, FMLFileResourcePack:Inventory Tweaks, FMLFileResourcePack:Iron Chest, FMLFileResourcePack:Mantle, FMLFileResourcePack:MineTweaker 3, FMLFileResourcePack:ModTweaker, FMLFileResourcePack:Mouse Tweaks, FMLFileResourcePack:NEI Plugins Unofficial, FMLFileResourcePack:MapWriter, FMLFileResourcePack:Opis, FMLFileResourcePack:Pam's Clay Spawn, FMLFileResourcePack:ProjectRed, FMLFileResourcePack:ProjectRed-Compatibility, FMLFileResourcePack:ProjectRed-Integration, FMLFileResourcePack:ProjectRed-Transmission, FMLFileResourcePack:Railcraft, FMLFileResourcePack:Tinkers' Construct, FMLFileResourcePack:Thermal Expansion, FMLFileResourcePack:Thermal Foundation, FMLFileResourcePack:TiC Tooltips, FMLFileResourcePack:Waila, FMLFileResourcePack:Waila Harvestability, FMLFileResourcePack:Forge Microblocks, FMLFileResourcePack:Forge Multipart, FMLFileResourcePack:Minecraft Multipart Plugin
[13:41:27] [Sound Library Loader/INFO]: Sound engine started
[13:41:35] [Client thread/INFO]: textures/blocks: dropping miplevel from 4 to 3, because of minTexel: 8
[13:41:36] [Client thread/INFO]: Created: 2048x1024 textures/blocks-atlas
[13:41:37] [Client thread/ERROR]: Using missing texture, unable to load tinker:textures/items/travelgear/goggles_moss.png, java.io.FileNotFoundException
[13:41:37] [Client thread/ERROR]: Using missing texture, unable to load minecraft:textures/items/MISSING_ICON_ITEM_4134_null.png, java.io.FileNotFoundException
[13:41:37] [Client thread/ERROR]: Using missing texture, unable to load tinker:textures/items/travelgear/vest_moss.png, java.io.FileNotFoundException
[13:41:37] [Client thread/ERROR]: Using missing texture, unable to load tinker:textures/items/travelgear/boots_moss.png, java.io.FileNotFoundException
[13:41:37] [Client thread/ERROR]: Using missing texture, unable to load tinker:textures/items/travelgear/wings_moss.png, java.io.FileNotFoundException
[13:41:37] [Client thread/ERROR]: Using missing texture, unable to load chisel:textures/items/smashingrock.png, java.io.FileNotFoundException
[13:41:37] [Client thread/INFO]: Created: 1024x1024 textures/items-atlas
[13:41:53] [Client thread/INFO]: Reloading ResourceManager: Default, FMLFileResourcePack:Forge Mod Loader, FMLFileResourcePack:Minecraft Forge, FMLFileResourcePack:Not Enough Items, FMLFileResourcePack:OpenEye, FMLFileResourcePack:Damage Indicators, FMLFileResourcePack:Another One Bites The Dust, FMLFileResourcePack:Applied Energistics 2, FMLFileResourcePack:asielib, FMLFileResourcePack:BC Builders, FMLFileResourcePack:BuildCraft, FMLFileResourcePack:BC Energy, FMLFileResourcePack:BC Factory, FMLFileResourcePack:BC Silicon, FMLFileResourcePack:BC Transport, FMLFileResourcePack:Chisel, FMLFileResourcePack:CoFH Core, FMLFileResourcePack:ComputerCraft, FMLFileResourcePack:Dynamic Lights, FMLFileResourcePack:Dynamic Lights Burning Entity Module, FMLFileResourcePack:Dynamic Lights Creeper Module, FMLFileResourcePack:Dynamic Lights EntityItem Module, FMLFileResourcePack:Dynamic Lights Entity Light Module, FMLFileResourcePack:Dynamic Lights Mob Equipment Light Module, FMLFileResourcePack:Dynamic Lights Fiery Arrows Light Module, FMLFileResourcePack:Dynamic Lights Flood Light, FMLFileResourcePack:Dynamic Lights OtherPlayers Light Module, FMLFileResourcePack:Dynamic Lights Player Light Module, FMLFileResourcePack:EnderStorage, FMLFileResourcePack:Forestry for Minecraft, FMLFileResourcePack:Hardcore Questing Mode, FMLFileResourcePack:IndustrialCraft 2, FMLFileResourcePack:Inventory Tweaks, FMLFileResourcePack:Iron Chest, FMLFileResourcePack:Mantle, FMLFileResourcePack:MineTweaker 3, FMLFileResourcePack:ModTweaker, FMLFileResourcePack:Mouse Tweaks, FMLFileResourcePack:NEI Plugins Unofficial, FMLFileResourcePack:MapWriter, FMLFileResourcePack:Opis, FMLFileResourcePack:Pam's Clay Spawn, FMLFileResourcePack:ProjectRed, FMLFileResourcePack:ProjectRed-Compatibility, FMLFileResourcePack:ProjectRed-Integration, FMLFileResourcePack:ProjectRed-Transmission, FMLFileResourcePack:Railcraft, FMLFileResourcePack:Tinkers' Construct, FMLFileResourcePack:Thermal Expansion, FMLFileResourcePack:Thermal Foundation, FMLFileResourcePack:TiC Tooltips, FMLFileResourcePack:Waila, FMLFileResourcePack:Waila Harvestability, FMLFileResourcePack:Forge Microblocks, FMLFileResourcePack:Forge Multipart, FMLFileResourcePack:Minecraft Multipart Plugin
[13:42:00] [Client thread/INFO]: Created: 2048x1024 textures/blocks-atlas
[13:42:07] [Client thread/ERROR]: Using missing texture, unable to load tinker:textures/items/travelgear/goggles_moss.png, java.io.FileNotFoundException
[13:42:09] [Client thread/ERROR]: Using missing texture, unable to load minecraft:textures/items/MISSING_ICON_ITEM_4134_null.png, java.io.FileNotFoundException
[13:42:10] [Client thread/ERROR]: Using missing texture, unable to load tinker:textures/items/travelgear/vest_moss.png, java.io.FileNotFoundException
[13:42:11] [Client thread/ERROR]: Using missing texture, unable to load tinker:textures/items/travelgear/boots_moss.png, java.io.FileNotFoundException
[13:42:12] [Client thread/ERROR]: Using missing texture, unable to load tinker:textures/items/travelgear/wings_moss.png, java.io.FileNotFoundException
[13:42:12] [Client thread/ERROR]: Using missing texture, unable to load chisel:textures/items/smashingrock.png, java.io.FileNotFoundException
[13:42:12] [Client thread/INFO]: Created: 2048x1024 textures/items-atlas
[13:42:13] [Sound Library Loader/INFO]: Sound engine started
[13:44:19] [Client thread/INFO]: Connecting to 50.167.50.131, 2550
[13:44:24] [Client thread/INFO]: [CHAT] ERROR: fixes.zs:3: Could not resolve <Natura : barleyFood : *>
[13:44:24] [Client thread/INFO]: [CHAT] ERROR: fixes.zs:4: Could not resolve <Natura : barleyFood : 1>
[13:44:24] [Client thread/INFO]: [CHAT] ERROR: fixes.zs:5: Could not resolve <Natura : barleyFood : 2>
[13:44:24] [Client thread/INFO]: [CHAT] ERROR: fixes.zs:9: Could not resolve <Natura : barleyFood : 1>
[13:44:24] [Client thread/INFO]: [CHAT] ERROR: fixes.zs:10: Could not resolve <Natura : barleyFood : 2>
[13:44:24] [Client thread/INFO]: [CHAT] ERROR: Error executing fixes.zs: null
[13:44:24] [Client thread/INFO]: [CHAT] ERROR: exnihilo.zs:13: Could not resolve <exnihilo : iron_dust>
[13:44:24] [Client thread/INFO]: [CHAT] ERROR: exnihilo.zs:14: Could not resolve <exnihilo : gold_dust>
[13:44:24] [Client thread/INFO]: [CHAT] ERROR: exnihilo.zs:15: Could not resolve <exnihilo : copper_dust>
[13:44:24] [Client thread/INFO]: [CHAT] ERROR: exnihilo.zs:16: Could not resolve <exnihilo : tin_dust>
[13:44:24] [Client thread/INFO]: [CHAT] ERROR: exnihilo.zs:17: Could not resolve <exnihilo : silver_dust>
[13:44:24] [Client thread/INFO]: [CHAT] ERROR: exnihilo.zs:18: Could not resolve <exnihilo : lead_dust>
[13:44:24] [Client thread/INFO]: [CHAT] ERROR: exnihilo.zs:19: Could not resolve <exnihilo : nickel_dust>
[13:44:24] [Client thread/INFO]: [CHAT] ERROR: exnihilo.zs:20: Could not resolve <exnihilo : platinum_dust>
[13:44:24] [Client thread/INFO]: [CHAT] ERROR: exnihilo.zs:21: Could not resolve <exnihilo : aluminum_dust>
[13:44:24] [Client thread/INFO]: [CHAT] ERROR: exnihilo.zs:22: Could not resolve <exnihilo : aluminum_dust>
[13:44:24] [Client thread/INFO]: [CHAT] ERROR: exnihilo.zs:23: Could not resolve <exnihilo : osmium_dust>
[13:44:24] [Client thread/INFO]: [CHAT] ERROR: mutton.zs:7: Could not resolve <ganyssurface : mutton_cooked>
[13:44:24] [Client thread/INFO]: [CHAT] ERROR: mutton.zs:8: Could not resolve <haggismod : cooked_mutton>
[13:44:24] [Client thread/INFO]: [CHAT] ERROR: mutton.zs:9: Could not resolve <ganyssurface : mutton_cooked>
[13:44:24] [Client thread/INFO]: [CHAT] ERROR: mutton.zs:10: Could not resolve <haggismod : cooked_mutton>
[13:44:24] [Client thread/INFO]: [CHAT] ERROR: mutton.zs:11: Could not resolve <ganyssurface : mutton_raw>
[13:44:24] [Client thread/INFO]: [CHAT] ERROR: mutton.zs:12: Could not resolve <haggismod : raw_mutton>
[13:44:24] [Client thread/INFO]: [CHAT] ERROR: mutton.zs:13: Could not resolve <ganyssurface : mutton_raw>
[13:44:24] [Client thread/INFO]: [CHAT] ERROR: mutton.zs:14: Could not resolve <haggismod : raw_mutton>
[13:44:24] [Client thread/INFO]: [CHAT] ERROR: mutton.zs:17: Could not resolve <haggismod : raw_haggis>
[13:44:24] [Client thread/INFO]: [CHAT] ERROR: mutton.zs:18: Could not resolve <haggismod : raw_haggis>
[13:44:24] [Client thread/INFO]: [CHAT] ERROR: mutton.zs:18: Could not resolve <haggismod : sheep_stomach>
[13:44:24] [Client thread/INFO]: [CHAT] ERROR: mutton.zs:19: Could not resolve <haggismod : raw_haggis>
[13:44:24] [Client thread/INFO]: [CHAT] ERROR: mutton.zs:19: Could not resolve <haggismod : sheep_stomach>
[13:44:24] [Client thread/INFO]: [CHAT] ERROR: Error executing mutton.zs: null
[13:44:28] [Client thread/INFO]: [CHAT] This server doesn't have Hardcore Questing Mode enabled.
[13:44:29] [Client thread/INFO]: [CHAT] Damage Indicators v.3.2.0.0 is up to date.
[13:44:29] [Client thread/INFO]: [CHAT] InvTweaks: Configuration loaded.
[13:44:30] [Client thread/INFO]: [CHAT] §cNew version of BuildCraft available: 6.2.6 for Minecraft 1.7.10
[13:44:30] [Client thread/INFO]: [CHAT] §cDownload from http://www.mod-buildcraft.com/download
[13:44:30] [Client thread/INFO]: [CHAT] This message only displays once
[13:44:30] [Client thread/INFO]: [CHAT] Type '/buildcraft version' if you want to see it again
[13:44:30] [Client thread/INFO]: [CHAT] Version 4.5.1 of ProjectRed was released on 10/13/2014.
[13:44:30] [Client thread/INFO]: [CHAT] (since v4.5.1)
[13:44:30] [Client thread/INFO]: [CHAT] - ADDED: ColoredLights compatability.
[13:44:30] [Client thread/INFO]: [CHAT] - CHANGE: Lights can now sit on hollow frames
[13:44:30] [Client thread/INFO]: [CHAT] - CHANGE: Framed wires can now connect behind things like lights
[13:44:30] [Client thread/INFO]: [CHAT] - FIX: Ore dictionary recipes for red alloy
[13:44:30] [Client thread/INFO]: [CHAT] (since v4.5.0)
[13:44:30] [Client thread/INFO]: [CHAT] - CHANGE: Removed power requirement for pipe networks
[13:44:30] [Client thread/INFO]: [CHAT] - CHANGE: Removed router controller and CPU
[13:44:30] [Client thread/INFO]: [CHAT] - CHANGE: More efficient path finding for pipes
[13:44:30] [Client thread/INFO]: [CHAT] - FIX: ComputerCraft API crash
[13:44:30] [Client thread/INFO]: [CHAT] - FIX: Ore dictionary glitches
[13:44:30] [Client thread/INFO]: [CHAT] - FIX: Recipe glitches
[13:44:30] [Client thread/INFO]: [CHAT] (since v4.4.9)
[13:44:30] [Client thread/INFO]: [CHAT] - FIX: Server crash
[13:44:30] [Client thread/INFO]: [CHAT] - FIX: Added Red alloy ingot to ore dictionary
[13:44:30] [Client thread/INFO]: [CHAT] A new §eOptiFine§f version is available: §eHD Ultra B1§f
[13:44:37] [Client thread/INFO]: [CHAT] Your game mode has been updated
[13:44:43] [Client thread/INFO]: [CHAT] Toggled downfall
[13:44:58] [Client thread/INFO]: [CHAT] §6[CoFH Core]§f A new version is available:
[13:44:58] [Client thread/INFO]: [CHAT] CoFH Core 3.0.0B9 §f[§aDownload§f]
[13:44:58] [Client thread/INFO]: [CHAT] Beta 9! Bug fixes!
[13:44:59] [Client thread/INFO]: [CHAT] §6[CoFH Core]§f A new version is available:
[13:44:59] [Client thread/INFO]: [CHAT] CoFH Core 3.0.0B9 §f[§aDownload§f]
[13:44:59] [Client thread/INFO]: [CHAT] Beta 9! Bug fixes!
[13:45:05] [Client thread/INFO]: [CHAT] §6[Thermal Foundation]§f A new version is available:
[13:45:05] [Client thread/INFO]: [CHAT] Thermal Foundation 1.0.0RC1
[13:45:05] [Client thread/INFO]: [CHAT] Release Candidate 1! Bug fixes!
[13:45:06] [Client thread/INFO]: [CHAT] §6[Thermal Foundation]§f A new version is available:
[13:45:06] [Client thread/INFO]: [CHAT] Thermal Foundation 1.0.0RC1
[13:45:06] [Client thread/INFO]: [CHAT] Release Candidate 1! Bug fixes!
[13:46:48] [Client thread/INFO]: Stopping!
